<?xml version="1.0" encoding="UTF-8"?>
<testsuite name="com.example.projectNameBack.ProjectNameBackApplicationTests" tests="1" skipped="0" failures="0" errors="0" timestamp="2025-09-14T14:01:53.758Z" hostname="DESKTOP-SIL095C" time="0.315">
  <properties/>
  <testcase name="contextLoads()" classname="com.example.projectNameBack.ProjectNameBackApplicationTests" time="0.315"/>
  <system-out><![CDATA[23:01:49.199 [Test worker] INFO org.springframework.test.context.support.AnnotationConfigContextLoaderUtils -- Could not detect default configuration classes for test class [com.example.projectNameBack.ProjectNameBackApplicationTests]: ProjectNameBackApplicationTests does not declare any static, non-private, non-final, nested classes annotated with @Configuration.
23:01:49.299 [Test worker] INFO org.springframework.boot.test.context.SpringBootTestContextBootstrapper -- Found @SpringBootConfiguration com.example.projectNameBack.ProjectNameBackApplication for test class com.example.projectNameBack.ProjectNameBackApplicationTests

  .   ____          _            __ _ _
 /\\ / ___'_ __ _ _(_)_ __  __ _ \ \ \ \
( ( )\___ | '_ | '_| | '_ \/ _` | \ \ \ \
 \\/  ___)| |_)| | | | | || (_| |  ) ) ) )
  '  |____| .__|_| |_|_| |_\__, | / / / /
 =========|_|==============|___/=/_/_/_/

 :: Spring Boot ::                (v3.4.5)

2025-09-14T23:01:49.553+09:00  INFO 22700 --- [projectNameBack] [    Test worker] c.e.p.ProjectNameBackApplicationTests    : Starting ProjectNameBackApplicationTests using Java 17.0.14 with PID 22700 (started by 김유빈 in C:\homeworks\etc\webPractice\myProject\projectNameBack)
2025-09-14T23:01:49.553+09:00  INFO 22700 --- [projectNameBack] [    Test worker] c.e.p.ProjectNameBackApplicationTests    : No active profile set, falling back to 1 default profile: "default"
2025-09-14T23:01:50.111+09:00  INFO 22700 --- [projectNameBack] [    Test worker] .s.d.r.c.RepositoryConfigurationDelegate : Bootstrapping Spring Data JPA repositories in DEFAULT mode.
2025-09-14T23:01:50.174+09:00  INFO 22700 --- [projectNameBack] [    Test worker] .s.d.r.c.RepositoryConfigurationDelegate : Finished Spring Data repository scanning in 53 ms. Found 3 JPA repository interfaces.
2025-09-14T23:01:50.568+09:00  INFO 22700 --- [projectNameBack] [    Test worker] o.hibernate.jpa.internal.util.LogHelper  : HHH000204: Processing PersistenceUnitInfo [name: default]
2025-09-14T23:01:50.595+09:00  INFO 22700 --- [projectNameBack] [    Test worker] org.hibernate.Version                    : HHH000412: Hibernate ORM core version 6.6.13.Final
2025-09-14T23:01:50.628+09:00  INFO 22700 --- [projectNameBack] [    Test worker] o.h.c.internal.RegionFactoryInitiator    : HHH000026: Second-level cache disabled
2025-09-14T23:01:50.855+09:00  INFO 22700 --- [projectNameBack] [    Test worker] o.s.o.j.p.SpringPersistenceUnitInfo      : No LoadTimeWeaver setup: ignoring JPA class transformer
2025-09-14T23:01:50.879+09:00  INFO 22700 --- [projectNameBack] [    Test worker] com.zaxxer.hikari.HikariDataSource       : HikariPool-1 - Starting...
2025-09-14T23:01:51.203+09:00  INFO 22700 --- [projectNameBack] [    Test worker] com.zaxxer.hikari.pool.HikariPool        : HikariPool-1 - Added connection com.mysql.cj.jdbc.ConnectionImpl@4f8900b0
2025-09-14T23:01:51.206+09:00  INFO 22700 --- [projectNameBack] [    Test worker] com.zaxxer.hikari.HikariDataSource       : HikariPool-1 - Start completed.
2025-09-14T23:01:51.245+09:00  WARN 22700 --- [projectNameBack] [    Test worker] org.hibernate.orm.deprecation            : HHH90000025: MySQL8Dialect does not need to be specified explicitly using 'hibernate.dialect' (remove the property setting and it will be selected by default)
2025-09-14T23:01:51.246+09:00  WARN 22700 --- [projectNameBack] [    Test worker] org.hibernate.orm.deprecation            : HHH90000026: MySQL8Dialect has been deprecated; use org.hibernate.dialect.MySQLDialect instead
2025-09-14T23:01:51.253+09:00  INFO 22700 --- [projectNameBack] [    Test worker] org.hibernate.orm.connections.pooling    : HHH10001005: Database info:
	Database JDBC URL [Connecting through datasource 'HikariDataSource (HikariPool-1)']
	Database driver: undefined/unknown
	Database version: 8.0
	Autocommit mode: undefined/unknown
	Isolation level: undefined/unknown
	Minimum pool size: undefined/unknown
	Maximum pool size: undefined/unknown
2025-09-14T23:01:51.845+09:00  INFO 22700 --- [projectNameBack] [    Test worker] o.h.e.t.j.p.i.JtaPlatformInitiator       : HHH000489: No JTA platform available (set 'hibernate.transaction.jta.platform' to enable JTA platform integration)
2025-09-14T23:01:52.016+09:00  INFO 22700 --- [projectNameBack] [    Test worker] j.LocalContainerEntityManagerFactoryBean : Initialized JPA EntityManagerFactory for persistence unit 'default'
2025-09-14T23:01:52.261+09:00  INFO 22700 --- [projectNameBack] [    Test worker] o.s.d.j.r.query.QueryEnhancerFactory     : Hibernate is in classpath; If applicable, HQL parser will be used.
2025-09-14T23:01:52.796+09:00  WARN 22700 --- [projectNameBack] [    Test worker] JpaBaseConfiguration$JpaWebConfiguration : spring.jpa.open-in-view is enabled by default. Therefore, database queries may be performed during view rendering. Explicitly configure spring.jpa.open-in-view to disable this warning
2025-09-14T23:01:52.836+09:00  WARN 22700 --- [projectNameBack] [    Test worker] .s.s.UserDetailsServiceAutoConfiguration : 

Using generated security password: f15e4a02-2c3d-4560-a020-e0a1f7cda364

This generated password is for development use only. Your security configuration must be updated before running your application in production.

2025-09-14T23:01:52.847+09:00  INFO 22700 --- [projectNameBack] [    Test worker] r$InitializeUserDetailsManagerConfigurer : Global AuthenticationManager configured with UserDetailsService bean with name inMemoryUserDetailsManager
2025-09-14T23:01:53.724+09:00  INFO 22700 --- [projectNameBack] [    Test worker] c.e.p.ProjectNameBackApplicationTests    : Started ProjectNameBackApplicationTests in 4.324 seconds (process running for 5.107)
]]></system-out>
  <system-err><![CDATA[]]></system-err>
</testsuite>
